  Building Custom Rule F:/CrazyTang/3rd/tileson/CMakeLists.txt
  CMake does not need to re-run because F:/CrazyTang/3rd/tileson/build/CMakeFiles/generate.stamp is up-to-date.
  Tileson.cpp
  Map.cpp
  Layer.cpp
C:\Program Files (x86)\Microsoft Visual Studio\2019\Community\VC\Tools\MSVC\14.24.28314\include\tuple(163,1): warning C4267: “初始化”: 从“size_t”转换到“_Ty”，可能丢失数据
          with
          [
              _Ty=int
          ]
C:\Program Files (x86)\Microsoft Visual Studio\2019\Community\VC\Tools\MSVC\14.24.28314\include\tuple(234): message : 查看对正在编译的函数 模板 实例化“std::_Tuple_val<_This>::_Tuple_val<size_t&>(_Other)”的引用
          with
          [
              _This=int,
              _Other=size_t &
          ]
C:\Program Files (x86)\Microsoft Visual Studio\2019\Community\VC\Tools\MSVC\14.24.28314\include\tuple(234): message : 查看对正在编译的函数 模板 实例化“std::_Tuple_val<_This>::_Tuple_val<size_t&>(_Other)”的引用
          with
          [
              _This=int,
              _Other=size_t &
          ]
C:\Program Files (x86)\Microsoft Visual Studio\2019\Community\VC\Tools\MSVC\14.24.28314\include\tuple(315): message : 查看对正在编译的函数 模板 实例化“std::tuple<int,int>::tuple<std::_Exact_args_t,size_t&,size_t&,0>(_Tag,_This2,size_t &)”的引用
          with
          [
              _Tag=std::_Exact_args_t,
              _This2=size_t &
          ]
C:\Program Files (x86)\Microsoft Visual Studio\2019\Community\VC\Tools\MSVC\14.24.28314\include\tuple(315): message : 查看对正在编译的函数 模板 实例化“std::tuple<int,int>::tuple<std::_Exact_args_t,size_t&,size_t&,0>(_Tag,_This2,size_t &)”的引用
          with
          [
              _Tag=std::_Exact_args_t,
              _This2=size_t &
          ]
F:\CrazyTang\3rd\tileson\src\tiled\Layer.cpp(372): message : 查看对正在编译的函数 模板 实例化“std::tuple<int,int>::tuple<size_t&,size_t&,0>(_This2,size_t &) noexcept”的引用
          with
          [
              _This2=size_t &
          ]
F:\CrazyTang\3rd\tileson\src\tiled\Layer.cpp(372): message : 查看对正在编译的函数 模板 实例化“std::tuple<int,int>::tuple<size_t&,size_t&,0>(_This2,size_t &) noexcept”的引用
          with
          [
              _This2=size_t &
          ]
C:\Program Files (x86)\Microsoft Visual Studio\2019\Community\VC\Tools\MSVC\14.24.28314\include\filesystem(2087): message : 查看对正在编译的 类 模板 实例化“std::chrono::time_point<std::filesystem::_File_time_clock,std::chrono::duration<std::chrono::system_clock::rep,std::chrono::system_clock::period>>”的引用
C:\Program Files (x86)\Microsoft Visual Studio\2019\Community\VC\Tools\MSVC\14.24.28314\include\xstring(1743): message : 查看对正在编译的 类 模板 实例化“std::basic_string_view<wchar_t,std::char_traits<wchar_t>>”的引用
  Chunk.cpp
  Object.cpp
  Property.cpp
  PropertyCollection.cpp
  Tileset.cpp
  Tile.cpp
  Frame.cpp
  Terrain.cpp
  WangSet.cpp
  WangColor.cpp
  WangTile.cpp
  Grid.cpp
  MemoryBuffer.cpp
  MemoryStream.cpp
  正在生成代码...
  tileson.vcxproj -> F:\CrazyTang\3rd\tileson\build\Debug\tileson.lib
